<?xml version="1.0" encoding="UTF-8"?>
<!-- Generated by org.testng.reporters.JUnitXMLReporter -->
<testsuite hostname="LAPTOP-8PV5OBQH" ignored="0" name="Surefire test" tests="5" failures="0" timestamp="2021-10-23T14:33:55 IST" time="29.911" errors="0">
  <testcase name="fourTest" time="0.005" classname="tests.FourTest"/>
  <testcase name="login" time="4.747" classname="tests.LoginTest"/>
  <testcase name="login" time="14.191" classname="tests.LoginTest"/>
  <testcase name="threeTest" time="0.001" classname="tests.ThreeTest"/>
  <testcase name="twoTest" time="0.0" classname="tests.TwoTest"/>
</testsuite> <!-- Surefire test -->
