<?xml version="1.0" encoding="UTF-8"?>
<!-- Generated by org.testng.reporters.JUnitXMLReporter -->
<testsuite hostname="LAPTOP-8PV5OBQH" ignored="0" name="TwoTest" tests="1" failures="1" timestamp="2021-10-24T09:09:46 IST" time="8.184" errors="0">
  <testcase name="twoTest" time="7.641" classname="tests.TwoTest">
    <failure type="java.lang.AssertionError" message="expected [true] but found [false]">
      <![CDATA[java.lang.AssertionError: expected [true] but found [false]
at tests.TwoTest.twoTest(TwoTest.java:23)
at java.util.ArrayList.forEach(ArrayList.java:1259)
... Removed 31 stack frames]]>
    </failure>
  </testcase> <!-- twoTest -->
</testsuite> <!-- TwoTest -->
