<?xml version="1.0" encoding="UTF-8"?>
<testng-results skipped="0" failed="0" ignored="0" total="1" passed="1">
  <reporter-output>
  </reporter-output>
  <suite name="Suite" duration-ms="9160" started-at="2021-10-25T07:37:43 IST" finished-at="2021-10-25T07:37:52 IST">
    <groups>
      <group name="cucumber">
        <method signature="AbstractTestNGCucumberTests.runScenario(io.cucumber.testng.PickleWrapper,io.cucumber.testng.FeatureWrapper)[pri:0, instance:runner.Runner@13eb8acf]" name="runScenario" class="io.cucumber.testng.AbstractTestNGCucumberTests"/>
      </group> <!-- cucumber -->
    </groups>
    <test name="Test" duration-ms="9160" started-at="2021-10-25T07:37:43 IST" finished-at="2021-10-25T07:37:52 IST">
      <class name="runner.Runner">
        <test-method status="PASS" signature="setUpClass(org.testng.ITestContext)[pri:0, instance:runner.Runner@13eb8acf]" name="setUpClass" is-config="true" duration-ms="251" started-at="2021-10-25T07:37:43 IST" finished-at="2021-10-25T07:37:43 IST">
          <params>
            <param index="0">
              <value>
                <![CDATA[org.testng.TestRunner@62d0ac62]]>
              </value>
            </param>
          </params>
          <reporter-output>
          </reporter-output>
        </test-method> <!-- setUpClass -->
        <test-method status="PASS" signature="runScenario(io.cucumber.testng.PickleWrapper,io.cucumber.testng.FeatureWrapper)[pri:0, instance:runner.Runner@13eb8acf]" name="runScenario" duration-ms="8858" started-at="2021-10-25T07:37:43 IST" description="Runs Cucumber Scenarios" data-provider="scenarios" finished-at="2021-10-25T07:37:52 IST">
          <params>
            <param index="0">
              <value>
                <![CDATA["Login with valid credentials"]]>
              </value>
            </param>
            <param index="1">
              <value>
                <![CDATA["Optional[Application Login]"]]>
              </value>
            </param>
          </params>
          <reporter-output>
          </reporter-output>
        </test-method> <!-- runScenario -->
        <test-method status="PASS" signature="tearDownClass()[pri:0, instance:runner.Runner@13eb8acf]" name="tearDownClass" is-config="true" duration-ms="12" started-at="2021-10-25T07:37:52 IST" finished-at="2021-10-25T07:37:52 IST">
          <reporter-output>
          </reporter-output>
        </test-method> <!-- tearDownClass -->
      </class> <!-- runner.Runner -->
    </test> <!-- Test -->
  </suite> <!-- Suite -->
</testng-results>
